\BOOKMARK [0][-]{dummy.1}{\376\377\000D\000e\000c\000l\000a\000r\000a\000t\000i\000o\000n\000\040\000o\000f\000\040\000A\000u\000t\000h\000o\000r\000s\000h\000i\000p}{}% 1
\BOOKMARK [0][-]{dummy.2}{\376\377\000A\000b\000s\000t\000r\000a\000c\000t}{}% 2
\BOOKMARK [0][-]{dummy.3}{\376\377\000A\000c\000k\000n\000o\000w\000l\000e\000d\000g\000e\000m\000e\000n\000t\000s}{}% 3
\BOOKMARK [0][-]{dummy.4}{\376\377\000C\000o\000n\000t\000e\000n\000t\000s}{}% 4
\BOOKMARK [0][-]{dummy.6}{\376\377\000L\000i\000s\000t\000\040\000o\000f\000\040\000F\000i\000g\000u\000r\000e\000s}{}% 5
\BOOKMARK [0][-]{dummy.8}{\376\377\000L\000i\000s\000t\000\040\000o\000f\000\040\000T\000a\000b\000l\000e\000s}{}% 6
\BOOKMARK [0][-]{dummy.10}{\376\377\000A\000b\000b\000r\000e\000v\000i\000a\000t\000i\000o\000n\000s}{}% 7
\BOOKMARK [0][-]{chapter.13}{\376\377\0001\000\040\000I\000n\000t\000r\000o\000d\000u\000c\000t\000i\000o\000n}{}% 8
\BOOKMARK [1][-]{section.14}{\376\377\0001\000.\0001\000\040\000S\000t\000a\000t\000e\000\040\000o\000f\000\040\000t\000h\000e\000\040\000A\000r\000t}{chapter.13}% 9
\BOOKMARK [2][-]{subsection.15}{\376\377\0001\000.\0001\000.\0001\000\040\000S\000t\000a\000t\000e\000\040\000o\000f\000\040\000t\000h\000e\000\040\000a\000r\000t\000\040\000i\000n\000\040\000n\000e\000t\000w\000o\000r\000k\000e\000d\000\040\000d\000e\000v\000i\000c\000e\000s}{section.14}% 10
\BOOKMARK [2][-]{subsection.16}{\376\377\0001\000.\0001\000.\0002\000\040\000E\000x\000a\000m\000p\000l\000e\000s\000\040\000o\000f\000\040\000S\000t\000a\000t\000e\000\040\000o\000f\000\040\000t\000h\000e\000\040\000A\000r\000t\000\040\000n\000e\000t\000w\000o\000r\000k\000e\000d\000\040\000d\000e\000v\000i\000c\000e\000s\000\040}{section.14}% 11
\BOOKMARK [1][-]{section.20}{\376\377\0001\000.\0002\000\040\000M\000o\000t\000i\000v\000a\000t\000i\000o\000n}{chapter.13}% 12
\BOOKMARK [2][-]{subsection.21}{\376\377\0001\000.\0002\000.\0001\000\040\000W\000h\000y\000\040\000S\000c\000a\000l\000e\000-\000F\000r\000e\000e\000\040\000N\000e\000t\000w\000o\000r\000k\000s}{section.20}% 13
\BOOKMARK [2][-]{subsection.22}{\376\377\0001\000.\0002\000.\0002\000\040\000H\000u\000m\000a\000n\000\040\000t\000o\000\040\000H\000u\000m\000a\000n}{section.20}% 14
\BOOKMARK [2][-]{subsection.23}{\376\377\0001\000.\0002\000.\0003\000\040\000F\000u\000t\000u\000r\000e\000\040\000S\000i\000g\000h\000t}{section.20}% 15
\BOOKMARK [1][-]{section.24}{\376\377\0001\000.\0003\000\040\000A\000i\000m}{chapter.13}% 16
\BOOKMARK [0][-]{chapter.25}{\376\377\0002\000\040\000A\000p\000p\000r\000o\000a\000c\000h\000\040\000a\000n\000d\000\040\000T\000o\000o\000l\000s}{}% 17
\BOOKMARK [1][-]{section.26}{\376\377\0002\000.\0001\000\040\000A\000p\000p\000r\000o\000a\000c\000h}{chapter.25}% 18
\BOOKMARK [2][-]{subsection.27}{\376\377\0002\000.\0001\000.\0001\000\040\000N\000e\000t\000w\000o\000r\000k\000\040\000M\000o\000d\000e\000l}{section.26}% 19
\BOOKMARK [2][-]{subsection.34}{\376\377\0002\000.\0001\000.\0002\000\040\000O\000r\000i\000e\000n\000t\000a\000t\000i\000o\000n\000\040\000a\000n\000d\000\040\000V\000i\000e\000w\000\040\000o\000f\000\040\000t\000h\000e\000\040\000s\000i\000m\000u\000l\000a\000t\000i\000o\000n\000\040\000e\000n\000v\000i\000r\000o\000n\000m\000e\000n\000t}{section.26}% 20
\BOOKMARK [2][-]{subsection.35}{\376\377\0002\000.\0001\000.\0003\000\040\000S\000i\000m\000u\000l\000a\000t\000i\000o\000n\000\040\000A\000p\000p\000r\000o\000a\000c\000h}{section.26}% 21
\BOOKMARK [2][-]{subsection.36}{\376\377\0002\000.\0001\000.\0004\000\040\000P\000r\000e\000s\000e\000n\000t\000a\000t\000i\000o\000n\000\040\000A\000p\000p\000r\000o\000a\000c\000h}{section.26}% 22
\BOOKMARK [2][-]{subsection.39}{\376\377\0002\000.\0001\000.\0005\000\040\000C\000o\000m\000p\000a\000n\000y\000\040\000P\000o\000l\000i\000c\000i\000e\000s}{section.26}% 23
\BOOKMARK [2][-]{subsection.40}{\376\377\0002\000.\0001\000.\0006\000\040\000S\000i\000m\000u\000l\000a\000t\000i\000o\000n\000\040\000A\000p\000p\000r\000o\000a\000c\000h}{section.26}% 24
\BOOKMARK [1][-]{section.41}{\376\377\0002\000.\0002\000\040\000T\000o\000o\000l\000s}{chapter.25}% 25
\BOOKMARK [0][-]{chapter.42}{\376\377\0003\000\040\000M\000e\000t\000h\000o\000d\000o\000l\000o\000g\000y}{}% 26
\BOOKMARK [1][-]{section.43}{\376\377\0003\000.\0001\000\040\000T\000h\000e\000\040\000C\000o\000m\000p\000a\000n\000i\000e\000s}{chapter.42}% 27
\BOOKMARK [1][-]{section.44}{\376\377\0003\000.\0002\000\040\000T\000h\000e\000\040\000A\000g\000e\000n\000t\000s}{chapter.42}% 28
\BOOKMARK [1][-]{section.50}{\376\377\0003\000.\0003\000\040\000C\000o\000n\000n\000e\000c\000t\000i\000o\000n\000s}{chapter.42}% 29
\BOOKMARK [2][-]{subsection.51}{\376\377\0003\000.\0003\000.\0001\000\040\000T\000h\000e\000\040\000W\000o\000r\000l\000d}{section.50}% 30
\BOOKMARK [2][-]{subsection.52}{\376\377\0003\000.\0003\000.\0002\000\040\000T\000h\000e\000\040\000S\000i\000m\000u\000l\000a\000t\000i\000o\000n}{section.50}% 31
\BOOKMARK [1][-]{section.56}{\376\377\0003\000.\0004\000\040\000A\000l\000g\000o\000r\000i\000t\000h\000m\000s}{chapter.42}% 32
\BOOKMARK [1][-]{section.100}{\376\377\0003\000.\0005\000\040\000D\000e\000f\000i\000n\000i\000t\000i\000o\000n\000s}{chapter.42}% 33
\BOOKMARK [0][-]{appendix.107}{\376\377\000A\000\040\000A\000p\000p\000e\000n\000d\000i\000x\000\040\000T\000i\000t\000l\000e\000\040\000H\000e\000r\000e}{}% 34
\BOOKMARK [0][-]{dummy.108}{\376\377\000B\000i\000b\000l\000i\000o\000g\000r\000a\000p\000h\000y}{}% 35
